# Transfer Log Version 1.1
# date;ThreadID;text;JobID;RetryCnt;Alias;PatID;SOPIUID
# date;ThreadID;OpenAssociation;AETitle;Hostname;PortNo;Certificate;ServiceList
# date;ThreadID;Create Jobs;oldJobID;newJobID1;newJobID2;...
# date;ThreadID;Image Data;ImageNr;ImageDate;ImageTime;SOPClassUID
# date;ThreadID;text;MC_Status;ErrorText
20210118-183137.19 ;[5640];*** jobs found
20210118-183137.19 ;[5640];*** update spool set retryCount=retryCount+1
20210118-183137.19 ;[5640];*** update spool set status = BUSY
20210118-183137.19 ;[5640];*** commit transaction
20210118-183137.32 ;[5640];*** call of vUpdateQueueMsg
20210118-183137.32 ;[5640];*** bGetJobItem end
20210118-183137.32 ;[5988];Begin Convert;1;0;remote_server;E66794-21-01-18-1;1.2.276.0.26.1.1.1.2.2021.49.55896.2948995
20210118-183137.97 ;[5988];End Convert;1;0;remote_server;E66794-21-01-18-1;1.2.276.0.26.1.1.1.2.2021.49.55896.2948995
20210118-183137.97 ;[5988];Create Jobs;1;2
20210118-183138.32 ;[5640];*** jobs found
20210118-183138.32 ;[5640];*** update spool set retryCount=retryCount+1
20210118-183138.32 ;[5640];*** update spool set status = BUSY
20210118-183138.32 ;[5640];*** commit transaction
20210118-183138.45 ;[5640];*** call of vUpdateQueueMsg
20210118-183138.45 ;[5640];*** bGetJobItem end
20210118-183138.46 ;[6072];Begin Send Job;2;0;remote_server;E66794-21-01-18-1;1.2.276.0.26.1.1.1.2.2021.49.55896.2948995.24903680
20210118-183138.46 ;[6072];OpenAssociation;Remote server;161.35.89.158;4242;;Ultrasound_Storage_Service_List
20210118-183138.59 ;[6072];Begin SendImage;2;0;remote_server;E66794-21-01-18-1;1.2.276.0.26.1.1.1.2.2021.49.55896.2948995.24903680
20210118-183138.59 ;[6072];Image Data;3;20210118;183136;UltrasoundImageStorage
20210118-183142.82 ;[6072];End SendImage;2;0;remote_server;E66794-21-01-18-1;1.2.276.0.26.1.1.1.2.2021.49.55896.2948995.24903680
20210118-200610.69 ;[5340];*** jobs found
20210118-200610.71 ;[5340];*** update spool set retryCount=retryCount+1
20210118-200610.71 ;[5340];*** update spool set status = BUSY
20210118-200610.71 ;[5340];*** commit transaction
20210118-200610.85 ;[5340];*** call of vUpdateQueueMsg
20210118-200610.85 ;[5340];*** bGetJobItem end
20210118-200610.85 ;[3440];Begin Convert;3;0;remote_server;E66794-21-01-18-2;1.2.276.0.26.1.1.1.2.2021.49.61570.6470139
20210118-200611.49 ;[3440];End Convert;3;0;remote_server;E66794-21-01-18-2;1.2.276.0.26.1.1.1.2.2021.49.61570.6470139
20210118-200611.49 ;[3440];Create Jobs;3;4
20210118-200611.85 ;[5340];*** jobs found
20210118-200611.85 ;[5340];*** update spool set retryCount=retryCount+1
20210118-200611.85 ;[5340];*** update spool set status = BUSY
20210118-200611.85 ;[5340];*** commit transaction
20210118-200611.99 ;[5340];*** call of vUpdateQueueMsg
20210118-200611.99 ;[5340];*** bGetJobItem end
20210118-200611.99 ;[1368];Begin Send Job;4;0;remote_server;E66794-21-01-18-2;1.2.276.0.26.1.1.1.2.2021.49.61570.6470139.24903680
20210118-200611.99 ;[1368];OpenAssociation;Remote server;161.35.89.158;4242;;Ultrasound_Storage_Service_List
20210118-200612.11 ;[1368];Begin SendImage;4;0;remote_server;E66794-21-01-18-2;1.2.276.0.26.1.1.1.2.2021.49.61570.6470139.24903680
20210118-200612.11 ;[1368];Image Data;3;20210118;200610;UltrasoundImageStorage
20210118-200615.97 ;[1368];End SendImage;4;0;remote_server;E66794-21-01-18-2;1.2.276.0.26.1.1.1.2.2021.49.61570.6470139.24903680
